<?xml version="1.0" encoding="UTF-8"?>
<!-- Generated by org.testng.reporters.JUnitXMLReporter -->
<testsuite ignored="0" hostname="INLEN8520046048" failures="0" tests="3" name="Test2" time="6.17" errors="0" timestamp="2023-08-23T17:36:50 IST">
  <testcase classname="com.testng.NewTestSwag" name="intializeBrowser" time="4.924"/>
  <testcase classname="com.testng.NewTestSwag" name="test1" time="0.806"/>
  <testcase classname="com.testng.NewTestSwag" name="teardown" time="0.419"/>
</testsuite> <!-- Test2 -->
