<?xml version="1.0" encoding="UTF-8"?>
<!-- Generated by org.testng.reporters.JUnitXMLReporter -->
<testsuite ignored="0" hostname="INLEN8520046048" failures="0" tests="3" name="Test3" time="7.668" errors="0" timestamp="2023-08-23T17:26:37 IST">
  <testcase classname="com.testng.NewTestSwag" name="intializeBrowser" time="2.037"/>
  <testcase classname="com.testng.NewTestSwag" name="test1" time="5.437"/>
  <testcase classname="com.testng.NewTestSwag" name="teardown" time="0.175"/>
</testsuite> <!-- Test3 -->
