<?xml version="1.0" encoding="UTF-8"?>
<!-- Generated by org.testng.reporters.JUnitXMLReporter -->
<testsuite ignored="0" hostname="INLEN8520046048" failures="2" tests="8" name="Test" time="0.223" errors="0" timestamp="2023-08-25T16:58:01 IST">
  <testcase classname="com.testng.Loginsample" name="log" time="0.052">
    <skipped/>
  </testcase> <!-- log -->
  <testcase classname="com.testng.Loginsample" name="log" time="0.002">
    <skipped/>
  </testcase> <!-- log -->
  <testcase classname="com.testng.Loginsample" name="log" time="0.005">
    <skipped/>
  </testcase> <!-- log -->
  <testcase classname="com.testng.Loginsample" name="log" time="0.004">
    <skipped/>
  </testcase> <!-- log -->
  <testcase classname="com.testng.Loginsample" name="log" time="0.002">
    <failure type="java.lang.AssertionError" message="expected [true] but found [false]">
      <![CDATA[java.lang.AssertionError: expected [true] but found [false]
at com.testng.Loginsample.log(Loginsample.java:12)
at java.base/java.util.ArrayList.forEach(ArrayList.java:1511)
... Removed 34 stack frames]]>
    </failure>
  </testcase> <!-- log -->
  <testcase classname="com.testng.Loginsample" name="search" time="0.002">
    <failure type="java.lang.AssertionError" message="expected [true] but found [false]">
      <![CDATA[java.lang.AssertionError: expected [true] but found [false]
at com.testng.Loginsample.search(Loginsample.java:17)
at java.base/java.util.ArrayList.forEach(ArrayList.java:1511)
... Removed 34 stack frames]]>
    </failure>
  </testcase> <!-- search -->
  <testcase classname="com.testng.Loginsample" name="addtocart" time="0.004"/>
  <testcase classname="com.testng.Loginsample" name="checkout" time="0.002"/>
</testsuite> <!-- Test -->
